f:\commit\thesis\gui\formthesis\bkthreatscanner\bkthreatscanner\debug\bkthreatscanner.pch
f:\commit\thesis\gui\formthesis\bkthreatscanner\bkthreatscanner\debug\vc120.pdb
f:\commit\thesis\gui\formthesis\bkthreatscanner\bkthreatscanner\debug\vc120.idb
f:\commit\thesis\gui\formthesis\bkthreatscanner\bkthreatscanner\debug\stdafx.obj
f:\commit\thesis\gui\formthesis\bkthreatscanner\bkthreatscanner\debug\bkthreatscanner.obj
f:\commit\thesis\gui\formthesis\bkthreatscanner\bkthreatscanner\debug\bkthreatscannerdlg.obj
f:\commit\thesis\gui\formthesis\bkthreatscanner\bkthreatscanner\debug\backup.obj
f:\commit\thesis\gui\formthesis\bkthreatscanner\bkthreatscanner\debug\column.obj
f:\commit\thesis\gui\formthesis\bkthreatscanner\bkthreatscanner\debug\database.obj
f:\commit\thesis\gui\formthesis\bkthreatscanner\bkthreatscanner\debug\exception.obj
f:\commit\thesis\gui\formthesis\bkthreatscanner\bkthreatscanner\debug\statement.obj
f:\commit\thesis\gui\formthesis\bkthreatscanner\bkthreatscanner\debug\transaction.obj
f:\commit\thesis\gui\formthesis\bkthreatscanner\bkthreatscanner\debug\tabone.obj
f:\commit\thesis\gui\formthesis\bkthreatscanner\bkthreatscanner\debug\tabtwo.obj
f:\commit\thesis\gui\formthesis\bkthreatscanner\bkthreatscanner\debug\usingsqlite.obj
f:\commit\thesis\gui\formthesis\bkthreatscanner\bkthreatscanner\debug\shell.obj
f:\commit\thesis\gui\formthesis\bkthreatscanner\bkthreatscanner\debug\sqlite3.obj
f:\commit\thesis\gui\formthesis\bkthreatscanner\debug\bkthreatscanner.ilk
f:\commit\thesis\gui\formthesis\bkthreatscanner\debug\bkthreatscanner.exe
f:\commit\thesis\gui\formthesis\bkthreatscanner\debug\bkthreatscanner.pdb
f:\commit\thesis\gui\formthesis\bkthreatscanner\bkthreatscanner\debug\bkthreatscanner.res
f:\commit\thesis\gui\formthesis\bkthreatscanner\bkthreatscanner\debug\bkthreatscanner.tlog\cl.command.1.tlog
f:\commit\thesis\gui\formthesis\bkthreatscanner\bkthreatscanner\debug\bkthreatscanner.tlog\cl.read.1.tlog
f:\commit\thesis\gui\formthesis\bkthreatscanner\bkthreatscanner\debug\bkthreatscanner.tlog\cl.write.1.tlog
f:\commit\thesis\gui\formthesis\bkthreatscanner\bkthreatscanner\debug\bkthreatscanner.tlog\link.command.1.tlog
f:\commit\thesis\gui\formthesis\bkthreatscanner\bkthreatscanner\debug\bkthreatscanner.tlog\link.read.1.tlog
f:\commit\thesis\gui\formthesis\bkthreatscanner\bkthreatscanner\debug\bkthreatscanner.tlog\link.write.1.tlog
f:\commit\thesis\gui\formthesis\bkthreatscanner\bkthreatscanner\debug\bkthreatscanner.tlog\rc.command.1.tlog
f:\commit\thesis\gui\formthesis\bkthreatscanner\bkthreatscanner\debug\bkthreatscanner.tlog\rc.read.1.tlog
f:\commit\thesis\gui\formthesis\bkthreatscanner\bkthreatscanner\debug\bkthreatscanner.tlog\rc.write.1.tlog
