f:\commit\thesis\gui\formthesis\bkthreatscanner\bkthreatscanner\release\bkthreatscanner.pch
f:\commit\thesis\gui\formthesis\bkthreatscanner\bkthreatscanner\release\vc120.pdb
f:\commit\thesis\gui\formthesis\bkthreatscanner\bkthreatscanner\release\stdafx.obj
f:\commit\thesis\gui\formthesis\bkthreatscanner\bkthreatscanner\release\usingsqlite.obj
f:\commit\thesis\gui\formthesis\bkthreatscanner\bkthreatscanner\release\tabtwo.obj
f:\commit\thesis\gui\formthesis\bkthreatscanner\bkthreatscanner\release\tabone.obj
f:\commit\thesis\gui\formthesis\bkthreatscanner\bkthreatscanner\release\transaction.obj
f:\commit\thesis\gui\formthesis\bkthreatscanner\bkthreatscanner\release\statement.obj
f:\commit\thesis\gui\formthesis\bkthreatscanner\bkthreatscanner\release\exception.obj
f:\commit\thesis\gui\formthesis\bkthreatscanner\bkthreatscanner\release\database.obj
f:\commit\thesis\gui\formthesis\bkthreatscanner\bkthreatscanner\release\column.obj
f:\commit\thesis\gui\formthesis\bkthreatscanner\bkthreatscanner\release\backup.obj
f:\commit\thesis\gui\formthesis\bkthreatscanner\bkthreatscanner\release\bkthreatscannerdlg.obj
f:\commit\thesis\gui\formthesis\bkthreatscanner\bkthreatscanner\release\bkthreatscanner.obj
f:\commit\thesis\gui\formthesis\bkthreatscanner\bkthreatscanner\release\sqlite3.obj
f:\commit\thesis\gui\formthesis\bkthreatscanner\bkthreatscanner\release\shell.obj
f:\commit\thesis\gui\formthesis\bkthreatscanner\release\bkthreatscanner.exe
f:\commit\thesis\gui\formthesis\bkthreatscanner\release\bkthreatscanner.pdb
f:\commit\thesis\gui\formthesis\bkthreatscanner\bkthreatscanner\release\bkthreatscanner.res
f:\commit\thesis\gui\formthesis\bkthreatscanner\bkthreatscanner\release\bkthreatscanner.tlog\cl.command.1.tlog
f:\commit\thesis\gui\formthesis\bkthreatscanner\bkthreatscanner\release\bkthreatscanner.tlog\cl.read.1.tlog
f:\commit\thesis\gui\formthesis\bkthreatscanner\bkthreatscanner\release\bkthreatscanner.tlog\cl.write.1.tlog
f:\commit\thesis\gui\formthesis\bkthreatscanner\bkthreatscanner\release\bkthreatscanner.tlog\link.command.1.tlog
f:\commit\thesis\gui\formthesis\bkthreatscanner\bkthreatscanner\release\bkthreatscanner.tlog\link.read.1.tlog
f:\commit\thesis\gui\formthesis\bkthreatscanner\bkthreatscanner\release\bkthreatscanner.tlog\link.write.1.tlog
f:\commit\thesis\gui\formthesis\bkthreatscanner\bkthreatscanner\release\bkthreatscanner.tlog\rc.command.1.tlog
f:\commit\thesis\gui\formthesis\bkthreatscanner\bkthreatscanner\release\bkthreatscanner.tlog\rc.read.1.tlog
f:\commit\thesis\gui\formthesis\bkthreatscanner\bkthreatscanner\release\bkthreatscanner.tlog\rc.write.1.tlog
